<?xml version="1.0" encoding="UTF-8"?>
<!-- Generated by org.testng.reporters.JUnitXMLReporter -->
<testsuite ignored="0" hostname="DESKTOP-3A7BKLK" failures="0" tests="7" name="Default test" time="2.151" errors="0" timestamp="2022-09-10T11:05:25 IST">
  <testcase classname="Seleniumpro.Selenium_chrome.Login_Test" name="@BeforeTest getDriver" time="2.005">
    <failure type="org.openqa.selenium.SessionNotCreatedException" message="session not created: This version of ChromeDriver only supports Chrome version 103
Current browser version is 105.0.5195.102 with binary path C:\Program Files (x86)\Google\Chrome\Application\chrome.exe
Build info: version: &amp;apos;3.141.59&amp;apos;, revision: &amp;apos;e82be7d358&amp;apos;, time: &amp;apos;2018-11-14T08:17:03&amp;apos;
System info: host: &amp;apos;DESKTOP-3A7BKLK&amp;apos;, ip: &amp;apos;192.168.1.109&amp;apos;, os.name: &amp;apos;Windows 10&amp;apos;, os.arch: &amp;apos;amd64&amp;apos;, os.version: &amp;apos;10.0&amp;apos;, java.version: &amp;apos;17.0.2&amp;apos;
Driver info: driver.version: ChromeDriver
remote stacktrace: Backtrace:
	Ordinal0 [0x00756463+2188387]
	Ordinal0 [0x006EE461+1762401]
	Ordinal0 [0x00603D78+802168]
	Ordinal0 [0x00624E59+937561]
	Ordinal0 [0x00620A6C+920172]
	Ordinal0 [0x0061E331+910129]
	Ordinal0 [0x00651430+1119280]
	Ordinal0 [0x0065108A+1118346]
	Ordinal0 [0x0064C5F6+1099254]
	Ordinal0 [0x00626BE0+945120]
	Ordinal0 [0x00627AD6+948950]
	GetHandleVerifier [0x009F71F2+2712546]
	GetHandleVerifier [0x009E886D+2652765]
	GetHandleVerifier [0x007E002A+520730]
	GetHandleVerifier [0x007DEE06+516086]
	Ordinal0 [0x006F468B+1787531]
	Ordinal0 [0x006F8E88+1805960]
	Ordinal0 [0x006F8F75+1806197]
	Ordinal0 [0x00701DF1+1842673]
	BaseThreadInitThunk [0x7533FA29+25]
	RtlGetAppContainerNamedObjectPath [0x77067A9E+286]
	RtlGetAppContainerNamedObjectPath [0x77067A6E+238]
">
      <![CDATA[org.openqa.selenium.SessionNotCreatedException: session not created: This version of ChromeDriver only supports Chrome version 103
Current browser version is 105.0.5195.102 with binary path C:\Program Files (x86)\Google\Chrome\Application\chrome.exe
Build info: version: '3.141.59', revision: 'e82be7d358', time: '2018-11-14T08:17:03'
System info: host: 'DESKTOP-3A7BKLK', ip: '192.168.1.109', os.name: 'Windows 10', os.arch: 'amd64', os.version: '10.0', java.version: '17.0.2'
Driver info: driver.version: ChromeDriver
remote stacktrace: Backtrace:
Ordinal0 [0x00756463+2188387]
Ordinal0 [0x006EE461+1762401]
Ordinal0 [0x00603D78+802168]
Ordinal0 [0x00624E59+937561]
Ordinal0 [0x00620A6C+920172]
Ordinal0 [0x0061E331+910129]
Ordinal0 [0x00651430+1119280]
Ordinal0 [0x0065108A+1118346]
Ordinal0 [0x0064C5F6+1099254]
Ordinal0 [0x00626BE0+945120]
Ordinal0 [0x00627AD6+948950]
GetHandleVerifier [0x009F71F2+2712546]
GetHandleVerifier [0x009E886D+2652765]
GetHandleVerifier [0x007E002A+520730]
GetHandleVerifier [0x007DEE06+516086]
Ordinal0 [0x006F468B+1787531]
Ordinal0 [0x006F8E88+1805960]
Ordinal0 [0x006F8F75+1806197]
Ordinal0 [0x00701DF1+1842673]
BaseThreadInitThunk [0x7533FA29+25]
RtlGetAppContainerNamedObjectPath [0x77067A9E+286]
RtlGetAppContainerNamedObjectPath [0x77067A6E+238]

at java.base/jdk.internal.reflect.NativeConstructorAccessorImpl.newInstance0(Native Method)
at java.base/jdk.internal.reflect.NativeConstructorAccessorImpl.newInstance(NativeConstructorAccessorImpl.java:77)
at java.base/jdk.internal.reflect.DelegatingConstructorAccessorImpl.newInstance(DelegatingConstructorAccessorImpl.java:45)
at java.base/java.lang.reflect.Constructor.newInstanceWithCaller(Constructor.java:499)
at java.base/java.lang.reflect.Constructor.newInstance(Constructor.java:480)
at org.openqa.selenium.remote.W3CHandshakeResponse.lambda$errorHandler$0(W3CHandshakeResponse.java:62)
at org.openqa.selenium.remote.HandshakeResponse.lambda$getResponseFunction$0(HandshakeResponse.java:30)
at org.openqa.selenium.remote.ProtocolHandshake.lambda$createSession$0(ProtocolHandshake.java:126)
at java.base/java.util.stream.ReferencePipeline$3$1.accept(ReferencePipeline.java:197)
at java.base/java.util.Spliterators$ArraySpliterator.tryAdvance(Spliterators.java:1002)
at java.base/java.util.stream.ReferencePipeline.forEachWithCancel(ReferencePipeline.java:129)
at java.base/java.util.stream.AbstractPipeline.copyIntoWithCancel(AbstractPipeline.java:527)
at java.base/java.util.stream.AbstractPipeline.copyInto(AbstractPipeline.java:513)
at java.base/java.util.stream.AbstractPipeline.wrapAndCopyInto(AbstractPipeline.java:499)
at java.base/java.util.stream.FindOps$FindOp.evaluateSequential(FindOps.java:150)
at java.base/java.util.stream.AbstractPipeline.evaluate(AbstractPipeline.java:234)
at java.base/java.util.stream.ReferencePipeline.findFirst(ReferencePipeline.java:647)
at org.openqa.selenium.remote.ProtocolHandshake.createSession(ProtocolHandshake.java:128)
at org.openqa.selenium.remote.ProtocolHandshake.createSession(ProtocolHandshake.java:74)
at org.openqa.selenium.remote.HttpCommandExecutor.execute(HttpCommandExecutor.java:136)
at org.openqa.selenium.remote.service.DriverCommandExecutor.execute(DriverCommandExecutor.java:83)
at org.openqa.selenium.remote.RemoteWebDriver.execute(RemoteWebDriver.java:552)
at org.openqa.selenium.remote.RemoteWebDriver.startSession(RemoteWebDriver.java:213)
at org.openqa.selenium.remote.RemoteWebDriver.<init>(RemoteWebDriver.java:131)
at org.openqa.selenium.chrome.ChromeDriver.<init>(ChromeDriver.java:181)
at org.openqa.selenium.chrome.ChromeDriver.<init>(ChromeDriver.java:168)
at org.openqa.selenium.chrome.ChromeDriver.<init>(ChromeDriver.java:123)
at Seleniumpro.Selenium_chrome.Login_Test.getDriver(Login_Test.java:24)
at java.base/jdk.internal.reflect.NativeMethodAccessorImpl.invoke0(Native Method)
at java.base/jdk.internal.reflect.NativeMethodAccessorImpl.invoke(NativeMethodAccessorImpl.java:77)
at java.base/jdk.internal.reflect.DelegatingMethodAccessorImpl.invoke(DelegatingMethodAccessorImpl.java:43)
at java.base/java.lang.reflect.Method.invoke(Method.java:568)
at org.testng.internal.MethodInvocationHelper.invokeMethod(MethodInvocationHelper.java:133)
at org.testng.internal.MethodInvocationHelper.invokeMethodConsideringTimeout(MethodInvocationHelper.java:62)
at org.testng.internal.ConfigInvoker.invokeConfigurationMethod(ConfigInvoker.java:385)
at org.testng.internal.ConfigInvoker.invokeConfigurations(ConfigInvoker.java:321)
at org.testng.TestRunner.invokeTestConfigurations(TestRunner.java:637)
at org.testng.TestRunner.beforeRun(TestRunner.java:627)
at org.testng.TestRunner.run(TestRunner.java:589)
at org.testng.SuiteRunner.runTest(SuiteRunner.java:377)
at org.testng.SuiteRunner.runSequentially(SuiteRunner.java:371)
at org.testng.SuiteRunner.privateRun(SuiteRunner.java:332)
at org.testng.SuiteRunner.run(SuiteRunner.java:276)
at org.testng.SuiteRunnerWorker.runSuite(SuiteRunnerWorker.java:53)
at org.testng.SuiteRunnerWorker.run(SuiteRunnerWorker.java:96)
at org.testng.TestNG.runSuitesSequentially(TestNG.java:1212)
at org.testng.TestNG.runSuitesLocally(TestNG.java:1134)
at org.testng.TestNG.runSuites(TestNG.java:1063)
at org.testng.TestNG.run(TestNG.java:1031)
at org.testng.remote.AbstractRemoteTestNG.run(AbstractRemoteTestNG.java:115)
at org.testng.remote.RemoteTestNG.initAndRun(RemoteTestNG.java:251)
at org.testng.remote.RemoteTestNG.main(RemoteTestNG.java:77)
]]>
    </failure>
  </testcase> <!-- @BeforeTest getDriver -->
  <testcase classname="Seleniumpro.Selenium_chrome.Login_Test" name="@BeforeClass classinitialization" time="-1.662788125231E9">
    <skipped/>
  </testcase> <!-- @BeforeClass classinitialization -->
  <testcase classname="Seleniumpro.Selenium_chrome.Login_Test" name="checkLogin" time="0.0">
    <skipped/>
  </testcase> <!-- checkLogin -->
  <testcase classname="Seleniumpro.Selenium_chrome.Login_Test" name="loginfailbyblank_mail" time="0.0">
    <skipped/>
  </testcase> <!-- loginfailbyblank_mail -->
  <testcase classname="Seleniumpro.Selenium_chrome.Login_Test" name="loginfailbyblank_pass" time="0.0">
    <skipped/>
  </testcase> <!-- loginfailbyblank_pass -->
  <testcase classname="Seleniumpro.Selenium_chrome.Login_Test" name="loginfailbyblankboth_mail_pass" time="0.0">
    <skipped/>
  </testcase> <!-- loginfailbyblankboth_mail_pass -->
  <testcase classname="Seleniumpro.Selenium_chrome.Login_Test" name="loginfailbyboth_mail_pass" time="0.0">
    <skipped/>
  </testcase> <!-- loginfailbyboth_mail_pass -->
  <testcase classname="Seleniumpro.Selenium_chrome.Login_Test" name="loginfailbyemail" time="0.0">
    <skipped/>
  </testcase> <!-- loginfailbyemail -->
  <testcase classname="Seleniumpro.Selenium_chrome.Login_Test" name="loginfailbypass" time="0.0">
    <skipped/>
  </testcase> <!-- loginfailbypass -->
</testsuite> <!-- Default test -->
